<?xml version="1.0" encoding="UTF-8"?>
<!-- Generated by org.testng.reporters.JUnitXMLReporter -->
<testsuite hostname="SRAJU" name="GRID TEST WITH SERIAL EXECUTION WITH BROWSER CH ON LINUX" tests="4" failures="0" timestamp="4 Feb 2016 16:09:58 GMT" time="284.266" errors="0">
  <testcase name="GoogleDriveNegativeScenarioLoginFirstCase" time="22.427" classname="googledrive.GoogleDriveScenarios"/>
  <testcase name="UploadImageInDesktopGoogleDriveAndCheckFileGetsSyncedToTheGoogleDriveWebsite" time="40.503" classname="googledrive.GoogleDriveScenarios"/>
  <testcase name="UploadFileInDesktopGoogleDriveAndCheckFileGetsSyncedToTheGoogleDriveWebsite" time="43.976" classname="googledrive.GoogleDriveScenarios"/>
  <testcase name="RenameUploadFileInDekstopGoogleDrivAndCheckFileGetsSyncedToTheGoogleDriveWebsite" time="58.426" classname="googledrive.GoogleDriveScenarios"/>
</testsuite> <!-- GRID TEST WITH SERIAL EXECUTION WITH BROWSER CH ON LINUX -->
