<?xml version="1.0" encoding="UTF-8"?>
<!-- Generated by org.testng.reporters.JUnitXMLReporter -->
<testsuite hostname="SRAJU" name="GRID TEST WITH BROWSER CH ON LINUX" tests="6" failures="0" timestamp="5 Feb 2016 08:42:40 GMT" time="478.831" errors="0">
  <testcase name="GoogleDriveNegativeScenarioLoginFirstCase" time="22.198" classname="googledrive.GoogleDriveScenarios"/>
  <testcase name="UploadImageInDesktopGoogleDriveAndCheckFileGetsSyncedToTheGoogleDriveWebsite" time="45.292" classname="googledrive.GoogleDriveScenarios"/>
  <testcase name="UploadFileInDesktopGoogleDriveAndCheckFileGetsSyncedToTheGoogleDriveWebsite" time="41.761" classname="googledrive.GoogleDriveScenarios"/>
  <testcase name="RenameUploadFileInDekstopGoogleDrivAndCheckFileGetsSyncedToTheGoogleDriveWebsite" time="51.863" classname="googledrive.GoogleDriveScenarios"/>
  <testcase name="CloseBrowserWhileUploadingFileFromGoogleDrive" time="49.18" classname="googledrive.GoogleDriveScenarios"/>
  <testcase name="GoogleDriveUploadImageWhenInternetIsOff" time="67.917" classname="googledrive.GoogleDriveScenarios"/>
</testsuite> <!-- GRID TEST WITH BROWSER CH ON LINUX -->
