<?xml version="1.0" encoding="UTF-8"?>
<!-- Generated by org.testng.reporters.JUnitXMLReporter -->
<testsuite hostname="SRAJU" name="GRID TEST WITH BROWSER Chrome ON WINDOWS" tests="6" failures="0" timestamp="5 Feb 2016 08:34:41 GMT" time="515.231" errors="0">
  <testcase name="GoogleDriveNegativeScenarioLoginFirstCase" time="23.775" classname="googledrive.GoogleDriveScenarios"/>
  <testcase name="UploadImageInDesktopGoogleDriveAndCheckFileGetsSyncedToTheGoogleDriveWebsite" time="45.416" classname="googledrive.GoogleDriveScenarios"/>
  <testcase name="UploadFileInDesktopGoogleDriveAndCheckFileGetsSyncedToTheGoogleDriveWebsite" time="43.505" classname="googledrive.GoogleDriveScenarios"/>
  <testcase name="RenameUploadFileInDekstopGoogleDrivAndCheckFileGetsSyncedToTheGoogleDriveWebsite" time="57.538" classname="googledrive.GoogleDriveScenarios"/>
  <testcase name="CloseBrowserWhileUploadingFileFromGoogleDrive" time="57.345" classname="googledrive.GoogleDriveScenarios"/>
  <testcase name="GoogleDriveUploadImageWhenInternetIsOff" time="73.618" classname="googledrive.GoogleDriveScenarios"/>
</testsuite> <!-- GRID TEST WITH BROWSER Chrome ON WINDOWS -->
