<?xml version="1.0" encoding="UTF-8"?>
<!-- Generated by org.testng.reporters.JUnitXMLReporter -->
<testsuite hostname="SRAJU" name="GRID TEST WITH SERIAL EXECUTION WITH BROWSER CH ON MAC" tests="4" failures="1" timestamp="4 Feb 2016 16:14:27 GMT" time="268.798" errors="0">
  <testcase name="GoogleDriveNegativeScenarioLoginFirstCase" time="22.315" classname="googledrive.GoogleDriveScenarios"/>
  <testcase name="UploadImageInDesktopGoogleDriveAndCheckFileGetsSyncedToTheGoogleDriveWebsite" time="32.941" classname="googledrive.GoogleDriveScenarios">
    <failure type="java.lang.ArrayIndexOutOfBoundsException" message="1">
      <![CDATA[java.lang.ArrayIndexOutOfBoundsException: 1
	at googledrive.GoogleDriveScenarios.UploadFileOrImageInDesktopGoogleDrive(GoogleDriveScenarios.java:225)
	at googledrive.GoogleDriveScenarios.UploadImageInDesktopGoogleDriveAndCheckFileGetsSyncedToTheGoogleDriveWebsite(GoogleDriveScenarios.java:117)
... Removed 24 stack frames]]>
    </failure>
  </testcase> <!-- UploadImageInDesktopGoogleDriveAndCheckFileGetsSyncedToTheGoogleDriveWebsite -->
  <testcase name="UploadFileInDesktopGoogleDriveAndCheckFileGetsSyncedToTheGoogleDriveWebsite" time="39.883" classname="googledrive.GoogleDriveScenarios"/>
  <testcase name="RenameUploadFileInDekstopGoogleDrivAndCheckFileGetsSyncedToTheGoogleDriveWebsite" time="52.326" classname="googledrive.GoogleDriveScenarios"/>
</testsuite> <!-- GRID TEST WITH SERIAL EXECUTION WITH BROWSER CH ON MAC -->
